{"level":"error"}
{"level":"error"}
{"level":"error"}
{"level":"error"}
{"level":"error"}
{"level":"error"}
{"level":"error"}
{"level":"error"}
{"level":"error"}
{"level":"error"}
{"level":"error"}
{"level":"error"}
{"level":"error","message":"Error en POST /Banca-Kinal/v1/auth/register con body: {\"name\":\"Angel\",\"surname\":\"Magaña\",\"username\":\"amagana\",\"email\":\"amagana-2023257@gmail.com\",\"phone\":\"58444722\",\"password\":\"Chinito2,000\",\"dpi\":\"3026270300703\",\"address\":\"lote 32 manza e\",\"jobName\":\"Developer\",\"monthlyIncome\":\"5000\"}"}
{"level":"error","message":"Error desconocido: misconfigured csrf","stack":"Error: misconfigured csrf\n    at csrf (C:\\Users\\Informatica\\Desktop\\Banco_API\\node_modules\\csurf\\index.js:71:19)\n    at Layer.handle [as handle_request] (C:\\Users\\Informatica\\Desktop\\Banco_API\\node_modules\\express\\lib\\router\\layer.js:95:5)\n    at trim_prefix (C:\\Users\\Informatica\\Desktop\\Banco_API\\node_modules\\express\\lib\\router\\index.js:328:13)\n    at C:\\Users\\Informatica\\Desktop\\Banco_API\\node_modules\\express\\lib\\router\\index.js:286:9\n    at Function.process_params (C:\\Users\\Informatica\\Desktop\\Banco_API\\node_modules\\express\\lib\\router\\index.js:346:12)\n    at next (C:\\Users\\Informatica\\Desktop\\Banco_API\\node_modules\\express\\lib\\router\\index.js:280:10)\n    at C:\\Users\\Informatica\\Desktop\\Banco_API\\node_modules\\xss-clean\\lib\\index.js:11:5\n    at Layer.handle [as handle_request] (C:\\Users\\Informatica\\Desktop\\Banco_API\\node_modules\\express\\lib\\router\\layer.js:95:5)\n    at trim_prefix (C:\\Users\\Informatica\\Desktop\\Banco_API\\node_modules\\express\\lib\\router\\index.js:328:13)\n    at C:\\Users\\Informatica\\Desktop\\Banco_API\\node_modules\\express\\lib\\router\\index.js:286:9"}
{"level":"error","message":"Error en POST /Banca-Kinal/v1/auth/register con body: {\"name\":\"Angel\",\"surname\":\"Magaña\",\"username\":\"amagana\",\"email\":\"amagana-2023257@gmail.com\",\"phone\":\"58444722\",\"password\":\"Chinito2,000\",\"dpi\":\"3026270300703\",\"address\":\"lote 32 manza e\",\"jobName\":\"Developer\",\"monthlyIncome\":\"5000\"}"}
{"level":"error","message":"Error desconocido: misconfigured csrf","stack":"Error: misconfigured csrf\n    at csrf (C:\\Users\\Informatica\\Desktop\\Banco_API\\node_modules\\csurf\\index.js:71:19)\n    at Layer.handle [as handle_request] (C:\\Users\\Informatica\\Desktop\\Banco_API\\node_modules\\express\\lib\\router\\layer.js:95:5)\n    at trim_prefix (C:\\Users\\Informatica\\Desktop\\Banco_API\\node_modules\\express\\lib\\router\\index.js:328:13)\n    at C:\\Users\\Informatica\\Desktop\\Banco_API\\node_modules\\express\\lib\\router\\index.js:286:9\n    at Function.process_params (C:\\Users\\Informatica\\Desktop\\Banco_API\\node_modules\\express\\lib\\router\\index.js:346:12)\n    at next (C:\\Users\\Informatica\\Desktop\\Banco_API\\node_modules\\express\\lib\\router\\index.js:280:10)\n    at C:\\Users\\Informatica\\Desktop\\Banco_API\\node_modules\\xss-clean\\lib\\index.js:11:5\n    at Layer.handle [as handle_request] (C:\\Users\\Informatica\\Desktop\\Banco_API\\node_modules\\express\\lib\\router\\layer.js:95:5)\n    at trim_prefix (C:\\Users\\Informatica\\Desktop\\Banco_API\\node_modules\\express\\lib\\router\\index.js:328:13)\n    at C:\\Users\\Informatica\\Desktop\\Banco_API\\node_modules\\express\\lib\\router\\index.js:286:9"}
{"level":"error","message":"Error en POST /Banca-Kinal/v1/auth/register con body: {\"name\":\"Angel\",\"surname\":\"Magaña\",\"username\":\"amagana\",\"email\":\"amagana-2023257@gmail.com\",\"phone\":\"58444722\",\"password\":\"Chinito2,000\",\"dpi\":\"3026270300703\",\"address\":\"lote 32 manza e\",\"jobName\":\"Developer\",\"monthlyIncome\":\"5000\"}"}
{"level":"error","message":"Error desconocido: misconfigured csrf","stack":"Error: misconfigured csrf\n    at csrf (C:\\Users\\Informatica\\Desktop\\Banco_API\\node_modules\\csurf\\index.js:71:19)\n    at Layer.handle [as handle_request] (C:\\Users\\Informatica\\Desktop\\Banco_API\\node_modules\\express\\lib\\router\\layer.js:95:5)\n    at trim_prefix (C:\\Users\\Informatica\\Desktop\\Banco_API\\node_modules\\express\\lib\\router\\index.js:328:13)\n    at C:\\Users\\Informatica\\Desktop\\Banco_API\\node_modules\\express\\lib\\router\\index.js:286:9\n    at Function.process_params (C:\\Users\\Informatica\\Desktop\\Banco_API\\node_modules\\express\\lib\\router\\index.js:346:12)\n    at next (C:\\Users\\Informatica\\Desktop\\Banco_API\\node_modules\\express\\lib\\router\\index.js:280:10)\n    at C:\\Users\\Informatica\\Desktop\\Banco_API\\node_modules\\xss-clean\\lib\\index.js:11:5\n    at Layer.handle [as handle_request] (C:\\Users\\Informatica\\Desktop\\Banco_API\\node_modules\\express\\lib\\router\\layer.js:95:5)\n    at trim_prefix (C:\\Users\\Informatica\\Desktop\\Banco_API\\node_modules\\express\\lib\\router\\index.js:328:13)\n    at C:\\Users\\Informatica\\Desktop\\Banco_API\\node_modules\\express\\lib\\router\\index.js:286:9"}
{"level":"error","message":"Error en POST /Banca-Kinal/v1/auth/register con body: {\"name\":\"Angel\",\"surname\":\"Magaña\",\"username\":\"amagana\",\"email\":\"amagana-2023257@gmail.com\",\"phone\":\"58444722\",\"password\":\"Chinito2,000\",\"dpi\":\"3026270300703\",\"address\":\"lote 32 manza e\",\"jobName\":\"Developer\",\"monthlyIncome\":\"5000\"}"}
{"level":"error","message":"Error desconocido: misconfigured csrf","stack":"Error: misconfigured csrf\n    at csrf (C:\\Users\\Informatica\\Desktop\\Banco_API\\node_modules\\csurf\\index.js:71:19)\n    at Layer.handle [as handle_request] (C:\\Users\\Informatica\\Desktop\\Banco_API\\node_modules\\express\\lib\\router\\layer.js:95:5)\n    at trim_prefix (C:\\Users\\Informatica\\Desktop\\Banco_API\\node_modules\\express\\lib\\router\\index.js:328:13)\n    at C:\\Users\\Informatica\\Desktop\\Banco_API\\node_modules\\express\\lib\\router\\index.js:286:9\n    at Function.process_params (C:\\Users\\Informatica\\Desktop\\Banco_API\\node_modules\\express\\lib\\router\\index.js:346:12)\n    at next (C:\\Users\\Informatica\\Desktop\\Banco_API\\node_modules\\express\\lib\\router\\index.js:280:10)\n    at C:\\Users\\Informatica\\Desktop\\Banco_API\\node_modules\\xss-clean\\lib\\index.js:11:5\n    at Layer.handle [as handle_request] (C:\\Users\\Informatica\\Desktop\\Banco_API\\node_modules\\express\\lib\\router\\layer.js:95:5)\n    at trim_prefix (C:\\Users\\Informatica\\Desktop\\Banco_API\\node_modules\\express\\lib\\router\\index.js:328:13)\n    at C:\\Users\\Informatica\\Desktop\\Banco_API\\node_modules\\express\\lib\\router\\index.js:286:9"}
{"level":"error","message":"Error en GET /api/csrf-token con body: {}"}
{"level":"error","message":"Error desconocido: misconfigured csrf","stack":"Error: misconfigured csrf\n    at csrf (C:\\Users\\Informatica\\Desktop\\Banco_API\\node_modules\\csurf\\index.js:71:19)\n    at Layer.handle [as handle_request] (C:\\Users\\Informatica\\Desktop\\Banco_API\\node_modules\\express\\lib\\router\\layer.js:95:5)\n    at trim_prefix (C:\\Users\\Informatica\\Desktop\\Banco_API\\node_modules\\express\\lib\\router\\index.js:328:13)\n    at C:\\Users\\Informatica\\Desktop\\Banco_API\\node_modules\\express\\lib\\router\\index.js:286:9\n    at Function.process_params (C:\\Users\\Informatica\\Desktop\\Banco_API\\node_modules\\express\\lib\\router\\index.js:346:12)\n    at next (C:\\Users\\Informatica\\Desktop\\Banco_API\\node_modules\\express\\lib\\router\\index.js:280:10)\n    at jsonParser (C:\\Users\\Informatica\\Desktop\\Banco_API\\node_modules\\body-parser\\lib\\types\\json.js:113:7)\n    at Layer.handle [as handle_request] (C:\\Users\\Informatica\\Desktop\\Banco_API\\node_modules\\express\\lib\\router\\layer.js:95:5)\n    at trim_prefix (C:\\Users\\Informatica\\Desktop\\Banco_API\\node_modules\\express\\lib\\router\\index.js:328:13)\n    at C:\\Users\\Informatica\\Desktop\\Banco_API\\node_modules\\express\\lib\\router\\index.js:286:9"}
{"level":"error","message":"Error en POST /Banca-Kinal/v1/auth/register con body: {\"name\":\"Angel\",\"surname\":\"Magaña\",\"username\":\"amagana\",\"email\":\"amagana-2023257@gmail.com\",\"phone\":\"58444722\",\"password\":\"Chinito2,000\",\"dpi\":\"3026270300703\",\"address\":\"lote 32 manza e\",\"jobName\":\"Developer\",\"monthlyIncome\":\"5000\"}"}
{"level":"error","message":"Acceso denegado:"}
{"level":"error","message":"Error en POST /Banca-Kinal/v1/auth/register con body: {\"name\":\"Angel\",\"surname\":\"Magaña\",\"username\":\"amagana\",\"email\":\"amagana-2023257@gmail.com\",\"phone\":\"58444722\",\"password\":\"Chinito2,000\",\"dpi\":\"3026270300703\",\"address\":\"lote 32 manza e\",\"jobName\":\"Developer\",\"monthlyIncome\":\"5000\"}"}
{"level":"error","message":"Acceso denegado:"}
{"level":"error","message":"Error en POST /Banca-Kinal/v1/auth/register con body: {\"name\":\"Angel\",\"surname\":\"Magaña\",\"username\":\"amagana\",\"email\":\"amagana-2023257@gmail.com\",\"phone\":\"58444722\",\"password\":\"Chinito2,000\",\"dpi\":\"3026270300703\",\"address\":\"lote 32 manza e\",\"jobName\":\"Developer\",\"monthlyIncome\":\"5000\"}"}
{"level":"error","message":"Acceso denegado:"}
{"level":"error","message":"Error en POST /Banca-Kinal/v1/auth/register con body: {\"name\":\"Angel\",\"surname\":\"Magaña\",\"username\":\"amagana\",\"email\":\"amagana-2023257@gmail.com\",\"phone\":\"58444722\",\"password\":\"Chinito2,000\",\"dpi\":\"3026270300703\",\"address\":\"lote 32 manza e\",\"jobName\":\"Developer\",\"monthlyIncome\":\"5000\"}"}
{"level":"error","message":"Acceso denegado:"}
{"level":"error","message":"Error en POST /Banca-Kinal/v1/auth/register con body: {\"name\":\"Angel\",\"surname\":\"Magaña\",\"username\":\"amagana\",\"email\":\"amagana-2023257@gmail.com\",\"phone\":\"58444722\",\"password\":\"Chinito2,000\",\"dpi\":\"3026270300703\",\"address\":\"lote 32 manza e\",\"jobName\":\"Developer\",\"monthlyIncome\":\"5000\"}"}
{"level":"error","message":"Acceso denegado:"}
{"level":"error","message":"Error en POST /Banca-Kinal/v1/auth/register con body: {\"name\":\"Angel\",\"surname\":\"Magaña\",\"username\":\"amagana\",\"email\":\"amagana-2023257@gmail.com\",\"phone\":\"58444722\",\"password\":\"Chinito2,000\",\"dpi\":\"3026270300703\",\"address\":\"lote 32 manza e\",\"jobName\":\"Developer\",\"monthlyIncome\":\"5000\"}"}
{"level":"error","message":"Acceso denegado:"}
{"level":"error","message":"Error en POST /Banca-Kinal/v1/auth/register con body: {\"name\":\"Angel\",\"surname\":\"Magaña\",\"username\":\"amagana\",\"email\":\"amagana-2023257@gmail.com\",\"phone\":\"58444722\",\"password\":\"Chinito2,000\",\"dpi\":\"3026270300703\",\"address\":\"lote 32 manza e\",\"jobName\":\"Developer\",\"monthlyIncome\":\"5000\"}"}
{"level":"error","message":"Acceso denegado:"}
{"level":"error","message":"Error en POST /Banca-Kinal/v1/auth/register con body: {\"name\":\"Angel\",\"surname\":\"Magaña\",\"username\":\"amagana\",\"email\":\"amagana-2023257@gmail.com\",\"phone\":\"58444722\",\"password\":\"Chinito2,000\",\"dpi\":\"3026270300703\",\"address\":\"lote 32 manza e\",\"jobName\":\"Developer\",\"monthlyIncome\":\"5000\"}"}
{"level":"error","message":"Acceso denegado:"}
{"level":"error","message":"Error en POST /Banca-Kinal/v1/auth/register con body: {\"name\":\"Angel\",\"surname\":\"Magaña\",\"username\":\"amagana\",\"email\":\"amagana-2023257@gmail.com\",\"phone\":\"58444722\",\"password\":\"Chinito2,000\",\"dpi\":\"3026270300703\",\"address\":\"lote 32 manza e\",\"jobName\":\"Developer\",\"monthlyIncome\":\"5000\"}"}
{"level":"error","message":"Acceso denegado:"}
{"level":"error","message":"Error en POST /Banca-Kinal/v1/auth/register con body: {\"name\":\"Angel\",\"surname\":\"Magaña\",\"username\":\"amagana\",\"email\":\"amagana-2023257@gmail.com\",\"phone\":\"58444722\",\"password\":\"Chinito2,000\",\"dpi\":\"3026270300703\",\"address\":\"lote 32 manza e\",\"jobName\":\"Developer\",\"monthlyIncome\":\"5000\"}"}
{"level":"error","message":"Acceso denegado:"}
{"level":"error","message":"Error en POST /Banca-Kinal/v1/auth/register con body: {\"name\":\"Angel\",\"surname\":\"Magaña\",\"username\":\"amagana\",\"email\":\"amagana-2023257@gmail.com\",\"phone\":\"58444722\",\"password\":\"Chinito2,000\",\"dpi\":\"3026270300703\",\"address\":\"lote 32 manza e\",\"jobName\":\"Developer\",\"monthlyIncome\":\"5000\"}"}
{"level":"error","message":"Acceso denegado:"}
